<?xml version="1.0" encoding="UTF-8"?>
<!-- Generated by org.testng.reporters.JUnitReportReporter -->
<testsuite hostname="MAHESH-LAPTOP" failures="0" tests="2" name="testCases.TC02_LoginTest" time="19.741" errors="0" timestamp="2024-09-21T12:30:42 IST" skipped="0">
  <testcase classname="testCases.TC02_LoginTest" name="testUserLogin" time="5.495"/>
  <testcase classname="testCases.TC02_LoginTest" name="testUserLogin" time="14.246"/>
</testsuite> <!-- testCases.TC02_LoginTest -->
