<?xml version="1.0" encoding="UTF-8"?>
<!-- Generated by org.testng.reporters.JUnitReportReporter -->
<testsuite hostname="MAHESH-LAPTOP" failures="0" tests="5" name="testCases.TC03_LoginTestUsingDataProvider" time="46.676" errors="0" timestamp="2024-09-19T18:29:36 IST" skipped="0">
  <testcase classname="testCases.TC03_LoginTestUsingDataProvider" name="validate_userLogin" time="12.316"/>
  <testcase classname="testCases.TC03_LoginTestUsingDataProvider" name="validate_userLogin" time="12.703"/>
  <testcase classname="testCases.TC03_LoginTestUsingDataProvider" name="validate_userLogin" time="13.172"/>
  <testcase classname="testCases.TC03_LoginTestUsingDataProvider" name="validate_userLogin" time="4.338"/>
  <testcase classname="testCases.TC03_LoginTestUsingDataProvider" name="validate_userLogin" time="4.147"/>
</testsuite> <!-- testCases.TC03_LoginTestUsingDataProvider -->
