<?xml version="1.0" encoding="UTF-8"?>
<!-- Generated by org.testng.reporters.JUnitReportReporter -->
<testsuite hostname="MAHESH-LAPTOP" failures="0" tests="1" name="testCases.TC01_RegistrationTest" time="5.184" errors="0" timestamp="2024-10-04T00:27:00 IST" skipped="0">
  <testcase classname="testCases.TC01_RegistrationTest" name="testUserRegistration" time="5.184"/>
</testsuite> <!-- testCases.TC01_RegistrationTest -->
