<?xml version="1.0" encoding="UTF-8"?>
<!-- Generated by org.testng.reporters.JUnitReportReporter -->
<testsuite hostname="MAHESH-LAPTOP" failures="0" tests="6" name="testCases.TC_01_RegistrationTest" time="36.364" errors="0" timestamp="2024-09-19T08:19:15 IST" skipped="0">
  <testcase classname="testCases.TC_01_RegistrationTest" name="validate_userRegistration" time="5.123"/>
  <testcase classname="testCases.TC_01_RegistrationTest" name="validate_userRegistration" time="6.028"/>
  <testcase classname="testCases.TC_01_RegistrationTest" name="validate_userRegistration" time="3.891"/>
  <testcase classname="testCases.TC_01_RegistrationTest" name="validate_userRegistration" time="7.506"/>
  <testcase classname="testCases.TC_01_RegistrationTest" name="validate_userRegistration" time="8.785"/>
  <testcase classname="testCases.TC_01_RegistrationTest" name="validate_userRegistration" time="5.031"/>
</testsuite> <!-- testCases.TC_01_RegistrationTest -->
