<?xml version="1.0" encoding="UTF-8"?>
<!-- Generated by org.testng.reporters.JUnitReportReporter -->
<testsuite hostname="MAHESH-LAPTOP" failures="0" tests="2" name="testCases.TC02_LoginTest" time="10.147" errors="0" timestamp="2024-10-04T00:30:27 IST" skipped="0">
  <testcase classname="testCases.TC02_LoginTest" name="testUserLogin" time="4.973"/>
  <testcase classname="testCases.TC02_LoginTest" name="testUserLogin" time="5.174"/>
</testsuite> <!-- testCases.TC02_LoginTest -->
