<?xml version="1.0" encoding="UTF-8"?>
<!-- Generated by org.testng.reporters.JUnitReportReporter -->
<testsuite hostname="MAHESH-LAPTOP" failures="0" tests="1" name="testCases.TC02_LoginTest" time="3.902" errors="0" timestamp="2024-10-04T09:56:37 IST" skipped="0">
  <testcase classname="testCases.TC02_LoginTest" name="testUserLogin" time="3.902"/>
</testsuite> <!-- testCases.TC02_LoginTest -->
