<?xml version="1.0" encoding="UTF-8"?>
<!-- Generated by org.testng.reporters.JUnitReportReporter -->
<testsuite hostname="MAHESH-LAPTOP" failures="0" tests="1" name="testCases.TC01_RegistrationTest" time="5.637" errors="0" timestamp="2024-09-23T13:37:06 IST" skipped="0">
  <testcase classname="testCases.TC01_RegistrationTest" name="testUserRegistration" time="5.637"/>
</testsuite> <!-- testCases.TC01_RegistrationTest -->
